<?xml version="1.0" encoding="UTF-8"?>
<!-- Generated by org.testng.reporters.JUnitXMLReporter -->
<testsuite ignored="0" hostname="BSTNQA7420001" failures="0" tests="4" name="Submit Order" time="30.095" errors="0" timestamp="2023-07-21T10:30:39 CDT">
  <testcase classname="BR.Tests.SubmitOrderTest" name="submitOrder" time="5.383"/>
  <testcase classname="BR.Tests.SubmitOrderTest" name="submitOrder" time="5.325"/>
  <testcase classname="BR.Tests.SubmitOrderTest" name="orderHistory" time="1.621"/>
  <testcase classname="BR.Tests.SubmitOrderTest" name="orderHistory" time="1.971"/>
</testsuite> <!-- Submit Order -->
